[2022-11-18T10:54:17.952] [WARN] default - Ruta GET /productos no implementada
[2022-11-18T10:54:18.708] [WARN] default - Ruta GET /favicon.ico no implementada
[2022-11-18T10:55:28.563] [WARN] default - Ruta GET /favicon.ico no implementada
[2022-11-18T10:56:26.235] [WARN] default - Ruta GET /favicon.ico no implementada
[2022-11-18T10:59:17.389] [WARN] default - Ruta GET /favicon.ico no implementada
[2022-11-18T11:06:24.368] [WARN] default - Ruta GET /api/productodf no implementada
[2022-11-18T11:06:25.126] [WARN] default - Ruta GET /api/productodf no implementada
[2022-11-21T20:51:31.663] [WARN] default - Ruta GET /login no implementada
[2022-11-21T20:51:31.942] [WARN] default - Ruta GET /login no implementada
[2022-11-21T20:51:54.924] [WARN] default - Ruta GET /login no implementada
[2022-11-21T20:51:55.050] [WARN] default - Ruta GET /login no implementada
[2022-11-21T20:51:58.138] [WARN] default - Ruta GET /registro no implementada
[2022-11-21T20:51:58.246] [WARN] default - Ruta GET /registro no implementada
[2022-11-21T20:52:00.025] [WARN] default - Ruta GET /registro no implementada
[2022-11-21T20:52:00.141] [WARN] default - Ruta GET /registro no implementada
[2022-11-21T20:52:04.629] [WARN] default - Ruta GET /registro no implementada
[2022-11-21T20:52:04.741] [WARN] default - Ruta GET /registro no implementada
[2022-11-21T20:52:05.631] [WARN] default - Ruta GET /registro no implementada
[2022-11-21T20:52:05.744] [WARN] default - Ruta GET /registro no implementada
[2022-11-21T20:52:06.927] [WARN] default - Ruta GET /registro no implementada
[2022-11-21T20:52:07.036] [WARN] default - Ruta GET /registro no implementada
[2022-11-21T20:52:10.743] [WARN] default - Ruta GET / no implementada
[2022-11-21T20:52:10.846] [WARN] default - Ruta GET / no implementada
[2022-11-21T20:52:13.297] [WARN] default - Ruta GET / no implementada
[2022-11-21T20:52:13.406] [WARN] default - Ruta GET / no implementada
[2022-11-21T20:52:14.169] [WARN] default - Ruta GET / no implementada
[2022-11-21T20:52:14.280] [WARN] default - Ruta GET / no implementada
[2022-11-21T20:52:36.511] [WARN] default - Ruta GET / no implementada
[2022-11-21T20:52:36.625] [WARN] default - Ruta GET / no implementada
[2022-11-21T20:52:59.448] [WARN] default - Ruta GET / no implementada
[2022-11-21T20:52:59.603] [WARN] default - Ruta GET / no implementada
[2022-11-21T20:53:40.980] [WARN] default - Ruta GET / no implementada
[2022-11-21T20:53:41.272] [WARN] default - Ruta GET / no implementada
[2022-11-21T20:54:06.330] [WARN] default - Ruta GET / no implementada
[2022-11-21T20:54:06.599] [WARN] default - Ruta GET / no implementada
[2022-11-21T20:54:25.905] [WARN] default - Ruta GET / no implementada
[2022-11-21T20:54:26.193] [WARN] default - Ruta GET / no implementada
[2022-11-21T20:55:22.784] [WARN] default - Ruta GET / no implementada
[2022-11-21T20:55:22.918] [WARN] default - Ruta GET / no implementada
[2022-11-21T20:55:57.886] [WARN] default - Ruta GET /login no implementada
[2022-11-21T20:55:58.007] [WARN] default - Ruta GET /login no implementada
[2022-11-21T20:56:22.582] [WARN] default - Ruta GET /login no implementada
[2022-11-21T20:56:22.881] [WARN] default - Ruta GET /login no implementada
[2022-11-21T20:56:25.002] [WARN] default - Ruta GET /login no implementada
[2022-11-21T20:56:25.116] [WARN] default - Ruta GET /login no implementada
[2022-11-21T20:56:40.521] [WARN] default - Ruta GET /home no implementada
[2022-11-21T20:56:40.623] [WARN] default - Ruta GET /home no implementada
[2022-11-21T20:56:52.084] [WARN] default - Ruta GET /login no implementada
[2022-11-21T20:56:52.200] [WARN] default - Ruta GET /login no implementada
[2022-11-21T20:57:40.371] [WARN] default - Ruta GET /login no implementada
[2022-11-21T20:57:40.671] [WARN] default - Ruta GET /login no implementada
[2022-11-21T20:57:44.055] [WARN] default - Ruta GET / no implementada
[2022-11-21T20:57:52.978] [WARN] default - Ruta GET /login no implementada
[2022-11-21T20:57:53.098] [WARN] default - Ruta GET /login no implementada
[2022-11-21T20:59:37.378] [WARN] default - Ruta GET /login no implementada
[2022-11-21T20:59:37.664] [WARN] default - Ruta GET /login no implementada
[2022-11-21T20:59:53.930] [WARN] default - Ruta GET /login no implementada
[2022-11-21T20:59:54.209] [WARN] default - Ruta GET /login no implementada
[2022-11-21T21:00:35.504] [WARN] default - Ruta GET /login no implementada
[2022-11-21T21:00:38.867] [WARN] default - Ruta GET /login no implementada
[2022-11-21T21:01:49.155] [WARN] default - Ruta GET /login no implementada
[2022-11-21T21:01:49.452] [WARN] default - Ruta GET /login no implementada
[2022-11-21T21:01:51.628] [WARN] default - Ruta GET /login no implementada
[2022-11-21T21:01:51.744] [WARN] default - Ruta GET /login no implementada
[2022-11-21T21:02:05.591] [WARN] default - Ruta GET /login no implementada
[2022-11-21T21:02:05.874] [WARN] default - Ruta GET /login no implementada
[2022-11-21T21:02:08.707] [WARN] default - Ruta GET /home no implementada
[2022-11-21T21:02:09.670] [WARN] default - Ruta GET /home no implementada
[2022-11-21T21:02:15.857] [WARN] default - Ruta GET /api/login no implementada
[2022-11-21T21:02:15.966] [WARN] default - Ruta GET /api/login no implementada
[2022-11-21T21:07:53.615] [WARN] default - Ruta GET /registro? no implementada
[2022-11-21T21:07:53.727] [WARN] default - Ruta GET /registro? no implementada
[2022-11-21T21:08:08.916] [WARN] default - Ruta GET /registro? no implementada
[2022-11-21T21:08:09.225] [WARN] default - Ruta GET /registro? no implementada
[2022-11-21T21:08:21.556] [WARN] default - Ruta GET /registro? no implementada
[2022-11-21T21:08:21.854] [WARN] default - Ruta GET /registro? no implementada
[2022-11-21T21:09:19.976] [WARN] default - Ruta GET /login? no implementada
[2022-11-21T21:09:20.090] [WARN] default - Ruta GET /login? no implementada
[2022-11-21T21:10:05.053] [WARN] default - Ruta GET /registro no implementada
[2022-11-21T21:10:05.185] [WARN] default - Ruta GET /registro no implementada
[2022-11-21T21:10:06.253] [WARN] default - Ruta GET /registro no implementada
[2022-11-21T21:10:06.372] [WARN] default - Ruta GET /registro no implementada
[2022-11-21T21:10:07.910] [WARN] default - Ruta GET /login? no implementada
[2022-11-21T21:10:09.590] [WARN] default - Ruta GET /login? no implementada
[2022-11-21T21:10:09.711] [WARN] default - Ruta GET /login? no implementada
[2022-11-21T21:10:11.412] [WARN] default - Ruta GET /registro? no implementada
[2022-11-21T21:10:13.357] [WARN] default - Ruta GET /registro? no implementada
[2022-11-21T21:10:13.479] [WARN] default - Ruta GET /registro? no implementada
[2022-11-21T21:11:45.412] [WARN] default - Ruta GET /registro no implementada
[2022-11-21T21:11:45.525] [WARN] default - Ruta GET /registro no implementada
[2022-11-21T21:11:47.821] [WARN] default - Ruta GET /registro no implementada
[2022-11-21T21:11:47.932] [WARN] default - Ruta GET /registro no implementada
[2022-11-21T21:11:49.341] [WARN] default - Ruta GET /registro no implementada
[2022-11-21T21:11:49.452] [WARN] default - Ruta GET /registro no implementada
[2022-11-21T21:15:07.696] [WARN] default - Ruta GET /login no implementada
[2022-11-21T21:15:07.812] [WARN] default - Ruta GET /login no implementada
[2022-11-21T21:18:50.576] [WARN] default - Ruta GET / no implementada
[2022-11-21T21:18:51.353] [WARN] default - Ruta GET / no implementada
[2022-11-21T21:21:22.364] [WARN] default - Ruta GET /favicon.ico no implementada
[2022-11-21T21:21:32.271] [WARN] default - Ruta GET /favicon.ico no implementada
[2022-11-21T21:21:43.173] [WARN] default - Ruta GET /api/carrito no implementada
[2022-11-21T21:21:43.951] [WARN] default - Ruta GET /api/carrito no implementada
[2022-11-21T21:22:29.714] [WARN] default - Ruta GET /logout no implementada
[2022-11-21T21:22:30.444] [WARN] default - Ruta GET /logout no implementada
[2022-11-21T21:22:57.343] [WARN] default - Ruta GET /logout no implementada
[2022-11-21T21:22:58.324] [WARN] default - Ruta GET /logout no implementada
[2022-11-21T21:23:25.865] [WARN] default - Ruta GET /logout no implementada
[2022-11-21T21:23:26.617] [WARN] default - Ruta GET /logout no implementada
[2022-11-21T21:38:56.726] [WARN] default - Ruta GET / no implementada
[2022-11-21T21:38:56.845] [WARN] default - Ruta GET / no implementada
[2022-11-21T22:04:18.581] [WARN] default - Ruta GET / no implementada
[2022-11-21T22:04:18.751] [WARN] default - Ruta GET / no implementada
[2022-11-21T22:04:49.760] [WARN] default - Ruta GET / no implementada
[2022-11-21T22:04:49.890] [WARN] default - Ruta GET / no implementada
[2022-11-21T22:05:07.439] [WARN] default - Ruta GET / no implementada
[2022-11-21T22:05:07.582] [WARN] default - Ruta GET / no implementada
[2022-11-21T22:07:49.726] [WARN] default - Ruta GET / no implementada
[2022-11-21T22:07:49.828] [WARN] default - Ruta GET / no implementada
[2022-11-21T22:08:31.773] [WARN] default - Ruta GET / no implementada
[2022-11-21T22:08:31.925] [WARN] default - Ruta GET / no implementada
[2022-11-21T22:09:52.866] [WARN] default - Ruta GET / no implementada
[2022-11-21T22:09:53.211] [WARN] default - Ruta GET / no implementada
